<?xml version="1.0" encoding="UTF-8"?>
<!-- Generated by org.testng.reporters.JUnitReportReporter -->
<testsuite hostname="BUNTY" name="task1.Make_my_trip" tests="1" failures="0" timestamp="24 Jan 2019 12:12:47 GMT" time="7.171" errors="0">
  <testcase name="TicketBooking" time="7.171" classname="task1.Make_my_trip"/>
</testsuite> <!-- task1.Make_my_trip -->
