<?xml version="1.0" encoding="UTF-8"?>
<!-- Generated by org.testng.reporters.JUnitReportReporter -->
<testsuite hostname="BUNTY" name="task1.Login" tests="1" failures="0" timestamp="24 Jan 2019 12:12:47 GMT" time="0.003" errors="0">
  <testcase name="login" time="0.003" classname="task1.Login"/>
</testsuite> <!-- task1.Login -->
